<?xml version="1.0" encoding="UTF-8"?>
<coverage generated="1772818445367" clover="3.2.0">
  <project timestamp="1772818445367" name="All files">
    <metrics statements="31" coveredstatements="27" conditionals="25" coveredconditionals="19" methods="7" coveredmethods="7" elements="63" coveredelements="53" complexity="0" loc="31" ncloc="31" packages="1" files="1" classes="1"/>
    <file name="index.js" path="/home/dak/dev/github/js-client/src/index.js">
      <metrics statements="31" coveredstatements="27" conditionals="25" coveredconditionals="19" methods="7" coveredmethods="7"/>
      <line num="1" count="2" type="stmt"/>
      <line num="6" count="2" type="stmt"/>
      <line num="9" count="2" type="stmt"/>
      <line num="10" count="2" type="stmt"/>
      <line num="11" count="2" type="cond" truecount="1" falsecount="1"/>
      <line num="12" count="0" type="stmt"/>
      <line num="14" count="2" type="cond" truecount="2" falsecount="0"/>
      <line num="15" count="1" type="stmt"/>
      <line num="17" count="1" type="stmt"/>
      <line num="18" count="1" type="cond" truecount="1" falsecount="1"/>
      <line num="19" count="1" type="stmt"/>
      <line num="22" count="0" type="stmt"/>
      <line num="30" count="4" type="stmt"/>
      <line num="31" count="4" type="stmt"/>
      <line num="36" count="6" type="stmt"/>
      <line num="37" count="6" type="stmt"/>
      <line num="38" count="6" type="stmt"/>
      <line num="39" count="6" type="stmt"/>
      <line num="40" count="6" type="stmt"/>
      <line num="46" count="6" type="stmt"/>
      <line num="48" count="0" type="cond" truecount="0" falsecount="2"/>
      <line num="49" count="0" type="stmt"/>
      <line num="54" count="4" type="stmt"/>
      <line num="58" count="3" type="cond" truecount="2" falsecount="0"/>
      <line num="62" count="3" type="stmt"/>
      <line num="66" count="6" type="cond" truecount="2" falsecount="0"/>
      <line num="67" count="1" type="stmt"/>
      <line num="69" count="5" type="stmt"/>
      <line num="70" count="75" type="cond" truecount="4" falsecount="0"/>
      <line num="71" count="4" type="stmt"/>
      <line num="74" count="1" type="stmt"/>
    </file>
  </project>
</coverage>
