{"/home/dak/dev/github/js-client/src/index.js": {"path":"/home/dak/dev/github/js-client/src/index.js","statementMap":{"0":{"start":{"line":1,"column":13},"end":{"line":4,"column":1}},"1":{"start":{"line":6,"column":13},"end":{"line":6,"column":22}},"2":{"start":{"line":9,"column":16},"end":{"line":9,"column":52}},"3":{"start":{"line":10,"column":19},"end":{"line":10,"column":43}},"4":{"start":{"line":11,"column":4},"end":{"line":13,"column":5}},"5":{"start":{"line":12,"column":8},"end":{"line":12,"column":25}},"6":{"start":{"line":14,"column":4},"end":{"line":16,"column":5}},"7":{"start":{"line":15,"column":8},"end":{"line":15,"column":25}},"8":{"start":{"line":17,"column":4},"end":{"line":21,"column":5}},"9":{"start":{"line":18,"column":8},"end":{"line":20,"column":9}},"10":{"start":{"line":19,"column":12},"end":{"line":19,"column":27}},"11":{"start":{"line":22,"column":4},"end":{"line":22,"column":21}},"12":{"start":{"line":30,"column":16},"end":{"line":30,"column":59}},"13":{"start":{"line":31,"column":4},"end":{"line":31,"column":35}},"14":{"start":{"line":36,"column":4},"end":{"line":50,"column":5}},"15":{"start":{"line":37,"column":8},"end":{"line":37,"column":47}},"16":{"start":{"line":38,"column":8},"end":{"line":38,"column":53}},"17":{"start":{"line":39,"column":8},"end":{"line":39,"column":62}},"18":{"start":{"line":40,"column":25},"end":{"line":45,"column":14}},"19":{"start":{"line":46,"column":8},"end":{"line":46,"column":37}},"20":{"start":{"line":48,"column":8},"end":{"line":48,"column":48}},"21":{"start":{"line":48,"column":27},"end":{"line":48,"column":47}},"22":{"start":{"line":49,"column":8},"end":{"line":49,"column":25}},"23":{"start":{"line":54,"column":4},"end":{"line":54,"column":17}},"24":{"start":{"line":58,"column":4},"end":{"line":58,"column":57}},"25":{"start":{"line":62,"column":4},"end":{"line":62,"column":44}},"26":{"start":{"line":66,"column":4},"end":{"line":68,"column":5}},"27":{"start":{"line":67,"column":8},"end":{"line":67,"column":25}},"28":{"start":{"line":69,"column":4},"end":{"line":73,"column":5}},"29":{"start":{"line":70,"column":8},"end":{"line":72,"column":9}},"30":{"start":{"line":71,"column":12},"end":{"line":71,"column":24}},"31":{"start":{"line":74,"column":4},"end":{"line":74,"column":21}}},"fnMap":{"0":{"name":"fetchOwnerCompany","decl":{"start":{"line":8,"column":15},"end":{"line":8,"column":32}},"loc":{"start":{"line":8,"column":35},"end":{"line":23,"column":1}},"line":8},"1":{"name":"readEntityView","decl":{"start":{"line":25,"column":15},"end":{"line":25,"column":29}},"loc":{"start":{"line":29,"column":7},"end":{"line":32,"column":1}},"line":29},"2":{"name":"fetchJson","decl":{"start":{"line":35,"column":15},"end":{"line":35,"column":24}},"loc":{"start":{"line":35,"column":100},"end":{"line":51,"column":1}},"line":35},"3":{"name":"currentEntity","decl":{"start":{"line":53,"column":9},"end":{"line":53,"column":22}},"loc":{"start":{"line":53,"column":28},"end":{"line":55,"column":1}},"line":53},"4":{"name":"tv","decl":{"start":{"line":57,"column":9},"end":{"line":57,"column":11}},"loc":{"start":{"line":57,"column":29},"end":{"line":59,"column":1}},"line":57},"5":{"name":"textItem","decl":{"start":{"line":61,"column":9},"end":{"line":61,"column":17}},"loc":{"start":{"line":61,"column":35},"end":{"line":63,"column":1}},"line":61},"6":{"name":"item","decl":{"start":{"line":65,"column":9},"end":{"line":65,"column":13}},"loc":{"start":{"line":65,"column":38},"end":{"line":75,"column":1}},"line":65}},"branchMap":{"0":{"loc":{"start":{"line":11,"column":4},"end":{"line":13,"column":5}},"type":"if","locations":[{"start":{"line":11,"column":4},"end":{"line":13,"column":5}},{"start":{},"end":{}}],"line":11},"1":{"loc":{"start":{"line":14,"column":4},"end":{"line":16,"column":5}},"type":"if","locations":[{"start":{"line":14,"column":4},"end":{"line":16,"column":5}},{"start":{},"end":{}}],"line":14},"2":{"loc":{"start":{"line":18,"column":8},"end":{"line":20,"column":9}},"type":"if","locations":[{"start":{"line":18,"column":8},"end":{"line":20,"column":9}},{"start":{},"end":{}}],"line":18},"3":{"loc":{"start":{"line":25,"column":36},"end":{"line":29,"column":5}},"type":"default-arg","locations":[{"start":{"line":26,"column":4},"end":{"line":29,"column":5}}],"line":25},"4":{"loc":{"start":{"line":35,"column":39},"end":{"line":35,"column":53}},"type":"default-arg","locations":[{"start":{"line":35,"column":48},"end":{"line":35,"column":53}}],"line":35},"5":{"loc":{"start":{"line":35,"column":55},"end":{"line":35,"column":77}},"type":"default-arg","locations":[{"start":{"line":35,"column":68},"end":{"line":35,"column":77}}],"line":35},"6":{"loc":{"start":{"line":35,"column":79},"end":{"line":35,"column":98}},"type":"default-arg","locations":[{"start":{"line":35,"column":94},"end":{"line":35,"column":98}}],"line":35},"7":{"loc":{"start":{"line":44,"column":22},"end":{"line":44,"column":67}},"type":"cond-expr","locations":[{"start":{"line":44,"column":34},"end":{"line":44,"column":60}},{"start":{"line":44,"column":63},"end":{"line":44,"column":67}}],"line":44},"8":{"loc":{"start":{"line":48,"column":8},"end":{"line":48,"column":48}},"type":"if","locations":[{"start":{"line":48,"column":8},"end":{"line":48,"column":48}},{"start":{},"end":{}}],"line":48},"9":{"loc":{"start":{"line":57,"column":18},"end":{"line":57,"column":27}},"type":"default-arg","locations":[{"start":{"line":57,"column":26},"end":{"line":57,"column":27}}],"line":57},"10":{"loc":{"start":{"line":58,"column":11},"end":{"line":58,"column":56}},"type":"binary-expr","locations":[{"start":{"line":58,"column":11},"end":{"line":58,"column":50}},{"start":{"line":58,"column":54},"end":{"line":58,"column":56}}],"line":58},"11":{"loc":{"start":{"line":61,"column":24},"end":{"line":61,"column":33}},"type":"default-arg","locations":[{"start":{"line":61,"column":32},"end":{"line":61,"column":33}}],"line":61},"12":{"loc":{"start":{"line":65,"column":20},"end":{"line":65,"column":29}},"type":"default-arg","locations":[{"start":{"line":65,"column":28},"end":{"line":65,"column":29}}],"line":65},"13":{"loc":{"start":{"line":66,"column":4},"end":{"line":68,"column":5}},"type":"if","locations":[{"start":{"line":66,"column":4},"end":{"line":68,"column":5}},{"start":{},"end":{}}],"line":66},"14":{"loc":{"start":{"line":70,"column":8},"end":{"line":72,"column":9}},"type":"if","locations":[{"start":{"line":70,"column":8},"end":{"line":72,"column":9}},{"start":{},"end":{}}],"line":70},"15":{"loc":{"start":{"line":70,"column":12},"end":{"line":70,"column":58}},"type":"binary-expr","locations":[{"start":{"line":70,"column":12},"end":{"line":70,"column":30}},{"start":{"line":70,"column":34},"end":{"line":70,"column":58}}],"line":70}},"s":{"0":2,"1":2,"2":2,"3":2,"4":2,"5":0,"6":2,"7":1,"8":1,"9":1,"10":1,"11":0,"12":4,"13":4,"14":6,"15":6,"16":6,"17":6,"18":6,"19":6,"20":0,"21":0,"22":0,"23":4,"24":3,"25":3,"26":6,"27":1,"28":5,"29":75,"30":4,"31":1},"f":{"0":2,"1":4,"2":6,"3":4,"4":3,"5":3,"6":6},"b":{"0":[0,2],"1":[1,1],"2":[1,0],"3":[4],"4":[6],"5":[6],"6":[6],"7":[0,6],"8":[0,0],"9":[3],"10":[3,2],"11":[3],"12":[0],"13":[1,5],"14":[4,71],"15":[75,4]},"_coverageSchema":"1a1c01bbd47fc00a2c39e90264f33305004495a9","hash":"2090df3550d2c99e19a0e1a81dd11c5a973dd521"}
}
