{"/home/dak/dev/github/js-client/src/index.js": {"path":"/home/dak/dev/github/js-client/src/index.js","statementMap":{"0":{"start":{"line":1,"column":13},"end":{"line":4,"column":1}},"1":{"start":{"line":6,"column":13},"end":{"line":6,"column":22}},"2":{"start":{"line":9,"column":16},"end":{"line":9,"column":52}},"3":{"start":{"line":10,"column":19},"end":{"line":10,"column":43}},"4":{"start":{"line":11,"column":4},"end":{"line":13,"column":5}},"5":{"start":{"line":12,"column":8},"end":{"line":12,"column":25}},"6":{"start":{"line":14,"column":4},"end":{"line":16,"column":5}},"7":{"start":{"line":15,"column":8},"end":{"line":15,"column":25}},"8":{"start":{"line":17,"column":4},"end":{"line":21,"column":5}},"9":{"start":{"line":18,"column":8},"end":{"line":20,"column":9}},"10":{"start":{"line":19,"column":12},"end":{"line":19,"column":27}},"11":{"start":{"line":22,"column":4},"end":{"line":22,"column":21}},"12":{"start":{"line":30,"column":16},"end":{"line":30,"column":59}},"13":{"start":{"line":31,"column":4},"end":{"line":31,"column":35}},"14":{"start":{"line":36,"column":4},"end":{"line":50,"column":5}},"15":{"start":{"line":37,"column":8},"end":{"line":37,"column":47}},"16":{"start":{"line":38,"column":8},"end":{"line":38,"column":53}},"17":{"start":{"line":39,"column":8},"end":{"line":39,"column":62}},"18":{"start":{"line":40,"column":25},"end":{"line":45,"column":14}},"19":{"start":{"line":46,"column":8},"end":{"line":46,"column":37}},"20":{"start":{"line":48,"column":8},"end":{"line":48,"column":48}},"21":{"start":{"line":48,"column":27},"end":{"line":48,"column":47}},"22":{"start":{"line":49,"column":8},"end":{"line":49,"column":25}},"23":{"start":{"line":54,"column":4},"end":{"line":54,"column":17}},"24":{"start":{"line":58,"column":4},"end":{"line":58,"column":55}},"25":{"start":{"line":62,"column":4},"end":{"line":62,"column":42}},"26":{"start":{"line":66,"column":4},"end":{"line":66,"column":59}},"27":{"start":{"line":70,"column":4},"end":{"line":70,"column":46}},"28":{"start":{"line":81,"column":4},"end":{"line":81,"column":59}},"29":{"start":{"line":92,"column":4},"end":{"line":92,"column":46}},"30":{"start":{"line":96,"column":4},"end":{"line":96,"column":59}},"31":{"start":{"line":100,"column":4},"end":{"line":100,"column":46}},"32":{"start":{"line":104,"column":4},"end":{"line":104,"column":57}},"33":{"start":{"line":108,"column":4},"end":{"line":108,"column":44}},"34":{"start":{"line":112,"column":4},"end":{"line":112,"column":58}},"35":{"start":{"line":116,"column":4},"end":{"line":116,"column":45}},"36":{"start":{"line":120,"column":4},"end":{"line":120,"column":43}},"37":{"start":{"line":124,"column":4},"end":{"line":124,"column":55}},"38":{"start":{"line":128,"column":4},"end":{"line":128,"column":42}},"39":{"start":{"line":132,"column":4},"end":{"line":132,"column":61}},"40":{"start":{"line":136,"column":4},"end":{"line":136,"column":62}},"41":{"start":{"line":140,"column":4},"end":{"line":140,"column":45}},"42":{"start":{"line":144,"column":4},"end":{"line":146,"column":5}},"43":{"start":{"line":145,"column":8},"end":{"line":145,"column":25}},"44":{"start":{"line":147,"column":4},"end":{"line":151,"column":5}},"45":{"start":{"line":148,"column":8},"end":{"line":150,"column":9}},"46":{"start":{"line":149,"column":12},"end":{"line":149,"column":24}},"47":{"start":{"line":152,"column":4},"end":{"line":152,"column":21}}},"fnMap":{"0":{"name":"fetchOwnerCompany","decl":{"start":{"line":8,"column":15},"end":{"line":8,"column":32}},"loc":{"start":{"line":8,"column":35},"end":{"line":23,"column":1}},"line":8},"1":{"name":"readEntityView","decl":{"start":{"line":25,"column":15},"end":{"line":25,"column":29}},"loc":{"start":{"line":29,"column":7},"end":{"line":32,"column":1}},"line":29},"2":{"name":"fetchJson","decl":{"start":{"line":35,"column":15},"end":{"line":35,"column":24}},"loc":{"start":{"line":35,"column":100},"end":{"line":51,"column":1}},"line":35},"3":{"name":"entityContext","decl":{"start":{"line":53,"column":9},"end":{"line":53,"column":22}},"loc":{"start":{"line":53,"column":28},"end":{"line":55,"column":1}},"line":53},"4":{"name":"textValue","decl":{"start":{"line":57,"column":9},"end":{"line":57,"column":18}},"loc":{"start":{"line":57,"column":51},"end":{"line":59,"column":1}},"line":57},"5":{"name":"textItem","decl":{"start":{"line":61,"column":9},"end":{"line":61,"column":17}},"loc":{"start":{"line":61,"column":50},"end":{"line":63,"column":1}},"line":61},"6":{"name":"markdownValue","decl":{"start":{"line":65,"column":9},"end":{"line":65,"column":22}},"loc":{"start":{"line":65,"column":55},"end":{"line":67,"column":1}},"line":65},"7":{"name":"markdownItem","decl":{"start":{"line":69,"column":9},"end":{"line":69,"column":21}},"loc":{"start":{"line":69,"column":54},"end":{"line":71,"column":1}},"line":69},"8":{"name":"templateValue","decl":{"start":{"line":80,"column":9},"end":{"line":80,"column":22}},"loc":{"start":{"line":80,"column":55},"end":{"line":82,"column":1}},"line":80},"9":{"name":"templateItem","decl":{"start":{"line":91,"column":9},"end":{"line":91,"column":21}},"loc":{"start":{"line":91,"column":54},"end":{"line":93,"column":1}},"line":91},"10":{"name":"dateTimeValue","decl":{"start":{"line":95,"column":9},"end":{"line":95,"column":22}},"loc":{"start":{"line":95,"column":55},"end":{"line":97,"column":1}},"line":95},"11":{"name":"dateTimeItem","decl":{"start":{"line":99,"column":9},"end":{"line":99,"column":21}},"loc":{"start":{"line":99,"column":54},"end":{"line":101,"column":1}},"line":99},"12":{"name":"doubleValue","decl":{"start":{"line":103,"column":9},"end":{"line":103,"column":20}},"loc":{"start":{"line":103,"column":53},"end":{"line":105,"column":1}},"line":103},"13":{"name":"doubleItem","decl":{"start":{"line":107,"column":9},"end":{"line":107,"column":19}},"loc":{"start":{"line":107,"column":52},"end":{"line":109,"column":1}},"line":107},"14":{"name":"booleanValue","decl":{"start":{"line":111,"column":9},"end":{"line":111,"column":21}},"loc":{"start":{"line":111,"column":54},"end":{"line":113,"column":1}},"line":111},"15":{"name":"booleanItem","decl":{"start":{"line":115,"column":9},"end":{"line":115,"column":20}},"loc":{"start":{"line":115,"column":53},"end":{"line":117,"column":1}},"line":115},"16":{"name":"imageItem","decl":{"start":{"line":119,"column":9},"end":{"line":119,"column":18}},"loc":{"start":{"line":119,"column":51},"end":{"line":121,"column":1}},"line":119},"17":{"name":"longValue","decl":{"start":{"line":123,"column":9},"end":{"line":123,"column":18}},"loc":{"start":{"line":123,"column":51},"end":{"line":125,"column":1}},"line":123},"18":{"name":"longItem","decl":{"start":{"line":127,"column":9},"end":{"line":127,"column":17}},"loc":{"start":{"line":127,"column":50},"end":{"line":129,"column":1}},"line":127},"19":{"name":"latitudeValue","decl":{"start":{"line":131,"column":9},"end":{"line":131,"column":22}},"loc":{"start":{"line":131,"column":55},"end":{"line":133,"column":1}},"line":131},"20":{"name":"longitudeValue","decl":{"start":{"line":135,"column":9},"end":{"line":135,"column":23}},"loc":{"start":{"line":135,"column":56},"end":{"line":137,"column":1}},"line":135},"21":{"name":"latLongItem","decl":{"start":{"line":139,"column":9},"end":{"line":139,"column":20}},"loc":{"start":{"line":139,"column":53},"end":{"line":141,"column":1}},"line":139},"22":{"name":"item","decl":{"start":{"line":143,"column":9},"end":{"line":143,"column":13}},"loc":{"start":{"line":143,"column":38},"end":{"line":153,"column":1}},"line":143}},"branchMap":{"0":{"loc":{"start":{"line":11,"column":4},"end":{"line":13,"column":5}},"type":"if","locations":[{"start":{"line":11,"column":4},"end":{"line":13,"column":5}},{"start":{},"end":{}}],"line":11},"1":{"loc":{"start":{"line":14,"column":4},"end":{"line":16,"column":5}},"type":"if","locations":[{"start":{"line":14,"column":4},"end":{"line":16,"column":5}},{"start":{},"end":{}}],"line":14},"2":{"loc":{"start":{"line":18,"column":8},"end":{"line":20,"column":9}},"type":"if","locations":[{"start":{"line":18,"column":8},"end":{"line":20,"column":9}},{"start":{},"end":{}}],"line":18},"3":{"loc":{"start":{"line":25,"column":36},"end":{"line":29,"column":5}},"type":"default-arg","locations":[{"start":{"line":26,"column":4},"end":{"line":29,"column":5}}],"line":25},"4":{"loc":{"start":{"line":35,"column":39},"end":{"line":35,"column":53}},"type":"default-arg","locations":[{"start":{"line":35,"column":48},"end":{"line":35,"column":53}}],"line":35},"5":{"loc":{"start":{"line":35,"column":55},"end":{"line":35,"column":77}},"type":"default-arg","locations":[{"start":{"line":35,"column":68},"end":{"line":35,"column":77}}],"line":35},"6":{"loc":{"start":{"line":35,"column":79},"end":{"line":35,"column":98}},"type":"default-arg","locations":[{"start":{"line":35,"column":94},"end":{"line":35,"column":98}}],"line":35},"7":{"loc":{"start":{"line":44,"column":22},"end":{"line":44,"column":67}},"type":"cond-expr","locations":[{"start":{"line":44,"column":34},"end":{"line":44,"column":60}},{"start":{"line":44,"column":63},"end":{"line":44,"column":67}}],"line":44},"8":{"loc":{"start":{"line":48,"column":8},"end":{"line":48,"column":48}},"type":"if","locations":[{"start":{"line":48,"column":8},"end":{"line":48,"column":48}},{"start":{},"end":{}}],"line":48},"9":{"loc":{"start":{"line":57,"column":25},"end":{"line":57,"column":34}},"type":"default-arg","locations":[{"start":{"line":57,"column":33},"end":{"line":57,"column":34}}],"line":57},"10":{"loc":{"start":{"line":57,"column":36},"end":{"line":57,"column":49}},"type":"default-arg","locations":[{"start":{"line":57,"column":43},"end":{"line":57,"column":49}}],"line":57},"11":{"loc":{"start":{"line":58,"column":11},"end":{"line":58,"column":54}},"type":"binary-expr","locations":[{"start":{"line":58,"column":11},"end":{"line":58,"column":48}},{"start":{"line":58,"column":52},"end":{"line":58,"column":54}}],"line":58},"12":{"loc":{"start":{"line":61,"column":24},"end":{"line":61,"column":33}},"type":"default-arg","locations":[{"start":{"line":61,"column":32},"end":{"line":61,"column":33}}],"line":61},"13":{"loc":{"start":{"line":61,"column":35},"end":{"line":61,"column":48}},"type":"default-arg","locations":[{"start":{"line":61,"column":42},"end":{"line":61,"column":48}}],"line":61},"14":{"loc":{"start":{"line":65,"column":29},"end":{"line":65,"column":38}},"type":"default-arg","locations":[{"start":{"line":65,"column":37},"end":{"line":65,"column":38}}],"line":65},"15":{"loc":{"start":{"line":65,"column":40},"end":{"line":65,"column":53}},"type":"default-arg","locations":[{"start":{"line":65,"column":47},"end":{"line":65,"column":53}}],"line":65},"16":{"loc":{"start":{"line":66,"column":11},"end":{"line":66,"column":58}},"type":"binary-expr","locations":[{"start":{"line":66,"column":11},"end":{"line":66,"column":52}},{"start":{"line":66,"column":56},"end":{"line":66,"column":58}}],"line":66},"17":{"loc":{"start":{"line":69,"column":28},"end":{"line":69,"column":37}},"type":"default-arg","locations":[{"start":{"line":69,"column":36},"end":{"line":69,"column":37}}],"line":69},"18":{"loc":{"start":{"line":69,"column":39},"end":{"line":69,"column":52}},"type":"default-arg","locations":[{"start":{"line":69,"column":46},"end":{"line":69,"column":52}}],"line":69},"19":{"loc":{"start":{"line":80,"column":29},"end":{"line":80,"column":38}},"type":"default-arg","locations":[{"start":{"line":80,"column":37},"end":{"line":80,"column":38}}],"line":80},"20":{"loc":{"start":{"line":80,"column":40},"end":{"line":80,"column":53}},"type":"default-arg","locations":[{"start":{"line":80,"column":47},"end":{"line":80,"column":53}}],"line":80},"21":{"loc":{"start":{"line":81,"column":11},"end":{"line":81,"column":58}},"type":"binary-expr","locations":[{"start":{"line":81,"column":11},"end":{"line":81,"column":52}},{"start":{"line":81,"column":56},"end":{"line":81,"column":58}}],"line":81},"22":{"loc":{"start":{"line":91,"column":28},"end":{"line":91,"column":37}},"type":"default-arg","locations":[{"start":{"line":91,"column":36},"end":{"line":91,"column":37}}],"line":91},"23":{"loc":{"start":{"line":91,"column":39},"end":{"line":91,"column":52}},"type":"default-arg","locations":[{"start":{"line":91,"column":46},"end":{"line":91,"column":52}}],"line":91},"24":{"loc":{"start":{"line":95,"column":29},"end":{"line":95,"column":38}},"type":"default-arg","locations":[{"start":{"line":95,"column":37},"end":{"line":95,"column":38}}],"line":95},"25":{"loc":{"start":{"line":95,"column":40},"end":{"line":95,"column":53}},"type":"default-arg","locations":[{"start":{"line":95,"column":47},"end":{"line":95,"column":53}}],"line":95},"26":{"loc":{"start":{"line":96,"column":11},"end":{"line":96,"column":58}},"type":"binary-expr","locations":[{"start":{"line":96,"column":11},"end":{"line":96,"column":52}},{"start":{"line":96,"column":56},"end":{"line":96,"column":58}}],"line":96},"27":{"loc":{"start":{"line":99,"column":28},"end":{"line":99,"column":37}},"type":"default-arg","locations":[{"start":{"line":99,"column":36},"end":{"line":99,"column":37}}],"line":99},"28":{"loc":{"start":{"line":99,"column":39},"end":{"line":99,"column":52}},"type":"default-arg","locations":[{"start":{"line":99,"column":46},"end":{"line":99,"column":52}}],"line":99},"29":{"loc":{"start":{"line":103,"column":27},"end":{"line":103,"column":36}},"type":"default-arg","locations":[{"start":{"line":103,"column":35},"end":{"line":103,"column":36}}],"line":103},"30":{"loc":{"start":{"line":103,"column":38},"end":{"line":103,"column":51}},"type":"default-arg","locations":[{"start":{"line":103,"column":45},"end":{"line":103,"column":51}}],"line":103},"31":{"loc":{"start":{"line":104,"column":11},"end":{"line":104,"column":56}},"type":"binary-expr","locations":[{"start":{"line":104,"column":11},"end":{"line":104,"column":50}},{"start":{"line":104,"column":54},"end":{"line":104,"column":56}}],"line":104},"32":{"loc":{"start":{"line":107,"column":26},"end":{"line":107,"column":35}},"type":"default-arg","locations":[{"start":{"line":107,"column":34},"end":{"line":107,"column":35}}],"line":107},"33":{"loc":{"start":{"line":107,"column":37},"end":{"line":107,"column":50}},"type":"default-arg","locations":[{"start":{"line":107,"column":44},"end":{"line":107,"column":50}}],"line":107},"34":{"loc":{"start":{"line":111,"column":28},"end":{"line":111,"column":37}},"type":"default-arg","locations":[{"start":{"line":111,"column":36},"end":{"line":111,"column":37}}],"line":111},"35":{"loc":{"start":{"line":111,"column":39},"end":{"line":111,"column":52}},"type":"default-arg","locations":[{"start":{"line":111,"column":46},"end":{"line":111,"column":52}}],"line":111},"36":{"loc":{"start":{"line":112,"column":11},"end":{"line":112,"column":57}},"type":"binary-expr","locations":[{"start":{"line":112,"column":11},"end":{"line":112,"column":51}},{"start":{"line":112,"column":55},"end":{"line":112,"column":57}}],"line":112},"37":{"loc":{"start":{"line":115,"column":27},"end":{"line":115,"column":36}},"type":"default-arg","locations":[{"start":{"line":115,"column":35},"end":{"line":115,"column":36}}],"line":115},"38":{"loc":{"start":{"line":115,"column":38},"end":{"line":115,"column":51}},"type":"default-arg","locations":[{"start":{"line":115,"column":45},"end":{"line":115,"column":51}}],"line":115},"39":{"loc":{"start":{"line":119,"column":25},"end":{"line":119,"column":34}},"type":"default-arg","locations":[{"start":{"line":119,"column":33},"end":{"line":119,"column":34}}],"line":119},"40":{"loc":{"start":{"line":119,"column":36},"end":{"line":119,"column":49}},"type":"default-arg","locations":[{"start":{"line":119,"column":43},"end":{"line":119,"column":49}}],"line":119},"41":{"loc":{"start":{"line":123,"column":25},"end":{"line":123,"column":34}},"type":"default-arg","locations":[{"start":{"line":123,"column":33},"end":{"line":123,"column":34}}],"line":123},"42":{"loc":{"start":{"line":123,"column":36},"end":{"line":123,"column":49}},"type":"default-arg","locations":[{"start":{"line":123,"column":43},"end":{"line":123,"column":49}}],"line":123},"43":{"loc":{"start":{"line":124,"column":11},"end":{"line":124,"column":54}},"type":"binary-expr","locations":[{"start":{"line":124,"column":11},"end":{"line":124,"column":48}},{"start":{"line":124,"column":52},"end":{"line":124,"column":54}}],"line":124},"44":{"loc":{"start":{"line":127,"column":24},"end":{"line":127,"column":33}},"type":"default-arg","locations":[{"start":{"line":127,"column":32},"end":{"line":127,"column":33}}],"line":127},"45":{"loc":{"start":{"line":127,"column":35},"end":{"line":127,"column":48}},"type":"default-arg","locations":[{"start":{"line":127,"column":42},"end":{"line":127,"column":48}}],"line":127},"46":{"loc":{"start":{"line":131,"column":29},"end":{"line":131,"column":38}},"type":"default-arg","locations":[{"start":{"line":131,"column":37},"end":{"line":131,"column":38}}],"line":131},"47":{"loc":{"start":{"line":131,"column":40},"end":{"line":131,"column":53}},"type":"default-arg","locations":[{"start":{"line":131,"column":47},"end":{"line":131,"column":53}}],"line":131},"48":{"loc":{"start":{"line":132,"column":11},"end":{"line":132,"column":60}},"type":"binary-expr","locations":[{"start":{"line":132,"column":11},"end":{"line":132,"column":54}},{"start":{"line":132,"column":58},"end":{"line":132,"column":60}}],"line":132},"49":{"loc":{"start":{"line":135,"column":30},"end":{"line":135,"column":39}},"type":"default-arg","locations":[{"start":{"line":135,"column":38},"end":{"line":135,"column":39}}],"line":135},"50":{"loc":{"start":{"line":135,"column":41},"end":{"line":135,"column":54}},"type":"default-arg","locations":[{"start":{"line":135,"column":48},"end":{"line":135,"column":54}}],"line":135},"51":{"loc":{"start":{"line":136,"column":11},"end":{"line":136,"column":61}},"type":"binary-expr","locations":[{"start":{"line":136,"column":11},"end":{"line":136,"column":55}},{"start":{"line":136,"column":59},"end":{"line":136,"column":61}}],"line":136},"52":{"loc":{"start":{"line":139,"column":27},"end":{"line":139,"column":36}},"type":"default-arg","locations":[{"start":{"line":139,"column":35},"end":{"line":139,"column":36}}],"line":139},"53":{"loc":{"start":{"line":139,"column":38},"end":{"line":139,"column":51}},"type":"default-arg","locations":[{"start":{"line":139,"column":45},"end":{"line":139,"column":51}}],"line":139},"54":{"loc":{"start":{"line":143,"column":20},"end":{"line":143,"column":29}},"type":"default-arg","locations":[{"start":{"line":143,"column":28},"end":{"line":143,"column":29}}],"line":143},"55":{"loc":{"start":{"line":144,"column":4},"end":{"line":146,"column":5}},"type":"if","locations":[{"start":{"line":144,"column":4},"end":{"line":146,"column":5}},{"start":{},"end":{}}],"line":144},"56":{"loc":{"start":{"line":148,"column":8},"end":{"line":150,"column":9}},"type":"if","locations":[{"start":{"line":148,"column":8},"end":{"line":150,"column":9}},{"start":{},"end":{}}],"line":148},"57":{"loc":{"start":{"line":148,"column":12},"end":{"line":148,"column":58}},"type":"binary-expr","locations":[{"start":{"line":148,"column":12},"end":{"line":148,"column":30}},{"start":{"line":148,"column":34},"end":{"line":148,"column":58}}],"line":148}},"s":{"0":2,"1":2,"2":2,"3":2,"4":2,"5":2,"6":0,"7":0,"8":0,"9":0,"10":0,"11":0,"12":11,"13":11,"14":13,"15":13,"16":13,"17":13,"18":13,"19":0,"20":13,"21":0,"22":13,"23":10,"24":2,"25":1,"26":2,"27":0,"28":2,"29":0,"30":2,"31":0,"32":2,"33":0,"34":2,"35":0,"36":0,"37":2,"38":0,"39":2,"40":0,"41":0,"42":17,"43":17,"44":0,"45":0,"46":0,"47":0},"f":{"0":2,"1":11,"2":13,"3":10,"4":2,"5":1,"6":2,"7":0,"8":2,"9":0,"10":2,"11":0,"12":2,"13":0,"14":2,"15":0,"16":0,"17":2,"18":0,"19":2,"20":0,"21":0,"22":17},"b":{"0":[2,0],"1":[0,0],"2":[0,0],"3":[11],"4":[13],"5":[13],"6":[13],"7":[0,13],"8":[0,13],"9":[2],"10":[2],"11":[2,2],"12":[1],"13":[1],"14":[2],"15":[2],"16":[2,2],"17":[0],"18":[0],"19":[2],"20":[2],"21":[2,2],"22":[0],"23":[0],"24":[2],"25":[2],"26":[2,2],"27":[0],"28":[0],"29":[2],"30":[2],"31":[2,2],"32":[0],"33":[0],"34":[2],"35":[2],"36":[2,2],"37":[0],"38":[0],"39":[0],"40":[0],"41":[2],"42":[2],"43":[2,2],"44":[0],"45":[0],"46":[2],"47":[2],"48":[2,2],"49":[0],"50":[0],"51":[0,0],"52":[0],"53":[0],"54":[0],"55":[17,0],"56":[0,0],"57":[0,0]},"_coverageSchema":"1a1c01bbd47fc00a2c39e90264f33305004495a9","hash":"b7ae159df162bb8e4f04877c7ea435fb46ed9bb1"}
}
