TN:
SF:src/index.js
FN:8,fetchOwnerCompany
FN:25,readEntityView
FN:35,fetchJson
FN:53,entityContext
FN:57,textValue
FN:61,textItem
FN:65,markdownValue
FN:69,markdownItem
FN:80,templateValue
FN:91,templateItem
FN:95,dateTimeValue
FN:99,dateTimeItem
FN:103,doubleValue
FN:107,doubleItem
FN:111,booleanValue
FN:115,booleanItem
FN:119,imageItem
FN:123,longValue
FN:127,longItem
FN:131,latitudeValue
FN:135,longitudeValue
FN:139,latLongItem
FN:143,item
FNF:23
FNH:14
FNDA:2,fetchOwnerCompany
FNDA:11,readEntityView
FNDA:13,fetchJson
FNDA:10,entityContext
FNDA:2,textValue
FNDA:1,textItem
FNDA:2,markdownValue
FNDA:0,markdownItem
FNDA:2,templateValue
FNDA:0,templateItem
FNDA:2,dateTimeValue
FNDA:0,dateTimeItem
FNDA:2,doubleValue
FNDA:0,doubleItem
FNDA:2,booleanValue
FNDA:0,booleanItem
FNDA:0,imageItem
FNDA:2,longValue
FNDA:0,longItem
FNDA:2,latitudeValue
FNDA:0,longitudeValue
FNDA:0,latLongItem
FNDA:17,item
DA:1,2
DA:6,2
DA:9,2
DA:10,2
DA:11,2
DA:12,2
DA:14,0
DA:15,0
DA:17,0
DA:18,0
DA:19,0
DA:22,0
DA:30,11
DA:31,11
DA:36,13
DA:37,13
DA:38,13
DA:39,13
DA:40,13
DA:46,0
DA:48,13
DA:49,13
DA:54,10
DA:58,2
DA:62,1
DA:66,2
DA:70,0
DA:81,2
DA:92,0
DA:96,2
DA:100,0
DA:104,2
DA:108,0
DA:112,2
DA:116,0
DA:120,0
DA:124,2
DA:128,0
DA:132,2
DA:136,0
DA:140,0
DA:144,17
DA:145,17
DA:147,0
DA:148,0
DA:149,0
DA:152,0
LF:47
LH:27
BRDA:11,0,0,2
BRDA:11,0,1,0
BRDA:14,1,0,0
BRDA:14,1,1,0
BRDA:18,2,0,0
BRDA:18,2,1,0
BRDA:25,3,0,11
BRDA:35,4,0,13
BRDA:35,5,0,13
BRDA:35,6,0,13
BRDA:44,7,0,0
BRDA:44,7,1,13
BRDA:48,8,0,0
BRDA:48,8,1,13
BRDA:57,9,0,2
BRDA:57,10,0,2
BRDA:58,11,0,2
BRDA:58,11,1,2
BRDA:61,12,0,1
BRDA:61,13,0,1
BRDA:65,14,0,2
BRDA:65,15,0,2
BRDA:66,16,0,2
BRDA:66,16,1,2
BRDA:69,17,0,0
BRDA:69,18,0,0
BRDA:80,19,0,2
BRDA:80,20,0,2
BRDA:81,21,0,2
BRDA:81,21,1,2
BRDA:91,22,0,0
BRDA:91,23,0,0
BRDA:95,24,0,2
BRDA:95,25,0,2
BRDA:96,26,0,2
BRDA:96,26,1,2
BRDA:99,27,0,0
BRDA:99,28,0,0
BRDA:103,29,0,2
BRDA:103,30,0,2
BRDA:104,31,0,2
BRDA:104,31,1,2
BRDA:107,32,0,0
BRDA:107,33,0,0
BRDA:111,34,0,2
BRDA:111,35,0,2
BRDA:112,36,0,2
BRDA:112,36,1,2
BRDA:115,37,0,0
BRDA:115,38,0,0
BRDA:119,39,0,0
BRDA:119,40,0,0
BRDA:123,41,0,2
BRDA:123,42,0,2
BRDA:124,43,0,2
BRDA:124,43,1,2
BRDA:127,44,0,0
BRDA:127,45,0,0
BRDA:131,46,0,2
BRDA:131,47,0,2
BRDA:132,48,0,2
BRDA:132,48,1,2
BRDA:135,49,0,0
BRDA:135,50,0,0
BRDA:136,51,0,0
BRDA:136,51,1,0
BRDA:139,52,0,0
BRDA:139,53,0,0
BRDA:143,54,0,0
BRDA:144,55,0,17
BRDA:144,55,1,0
BRDA:148,56,0,0
BRDA:148,56,1,0
BRDA:148,57,0,0
BRDA:148,57,1,0
BRF:75
BRH:42
end_of_record
