TN:
SF:src/index.js
FN:8,fetchOwnerCompany
FN:25,readEntityView
FN:35,fetchJson
FN:53,currentEntity
FN:57,tv
FN:61,textItem
FN:65,item
FNF:7
FNH:7
FNDA:2,fetchOwnerCompany
FNDA:4,readEntityView
FNDA:6,fetchJson
FNDA:4,currentEntity
FNDA:3,tv
FNDA:3,textItem
FNDA:6,item
DA:1,2
DA:6,2
DA:9,2
DA:10,2
DA:11,2
DA:12,0
DA:14,2
DA:15,1
DA:17,1
DA:18,1
DA:19,1
DA:22,0
DA:30,4
DA:31,4
DA:36,6
DA:37,6
DA:38,6
DA:39,6
DA:40,6
DA:46,6
DA:48,0
DA:49,0
DA:54,4
DA:58,3
DA:62,3
DA:66,6
DA:67,1
DA:69,5
DA:70,75
DA:71,4
DA:74,1
LF:31
LH:27
BRDA:11,0,0,0
BRDA:11,0,1,2
BRDA:14,1,0,1
BRDA:14,1,1,1
BRDA:18,2,0,1
BRDA:18,2,1,0
BRDA:25,3,0,4
BRDA:35,4,0,6
BRDA:35,5,0,6
BRDA:35,6,0,6
BRDA:44,7,0,0
BRDA:44,7,1,6
BRDA:48,8,0,0
BRDA:48,8,1,0
BRDA:57,9,0,3
BRDA:58,10,0,3
BRDA:58,10,1,2
BRDA:61,11,0,3
BRDA:65,12,0,0
BRDA:66,13,0,1
BRDA:66,13,1,5
BRDA:70,14,0,4
BRDA:70,14,1,71
BRDA:70,15,0,75
BRDA:70,15,1,4
BRF:25
BRH:19
end_of_record
